Executando a tarefa X...Isto é um aviso.... a operação X pode falhar...Isto é um erro. A operação X falhouExecutando a tarefa X...Isto é um aviso.... a operação X pode falhar...Isto é um erro. A operação X falhou[2021-05-24 22:04:01] [INFO]: Executando a tarefa X...
[2021-05-24 22:04:01] [WARNING]: Isto é um aviso.... a operação X pode falhar...
[2021-05-24 22:04:01] [ERROR]: Isto é um erro. A operação X falhou
[2021-05-24 22:04:12] [INFO]: Executando a tarefa X...
[2021-05-24 22:04:12] [WARNING]: Isto é um aviso.... a operação X pode falhar...
[2021-05-24 22:04:12] [ERROR]: Isto é um erro. A operação X falhou
[2021-05-24 22:28:43] [INFO]: Executando a tarefa X...
[2021-05-24 22:28:43] [WARNING]: Isto é um aviso.... a operação X pode falhar...
[2021-05-24 22:28:43] [ERROR]: Isto é um erro. A operação X falhou
[2021-05-24 22:28:47] [INFO]: Executando a tarefa X...
[2021-05-24 22:28:47] [WARNING]: Isto é um aviso.... a operação X pode falhar...
[2021-05-24 22:28:47] [ERROR]: Isto é um erro. A operação X falhou
[2021-05-24 22:28:59] [INFO]: Executando a tarefa X...
[2021-05-24 22:28:59] [WARNING]: Isto é um aviso.... a operação X pode falhar...
[2021-05-24 22:28:59] [ERROR]: Isto é um erro. A operação X falhou
[2021-05-24 22:30:38] [INFO]: Executando a tarefa X...
[2021-05-24 22:30:38] [WARNING]: Isto é um aviso.... a operação X pode falhar...
[2021-05-24 22:30:38] [ERROR]: Isto é um erro. A operação X falhou
[2021-05-24 22:30:47] [INFO]: Executando a tarefa X...
[2021-05-24 22:30:47] [WARNING]: Isto é um aviso.... a operação X pode falhar...
[2021-05-24 22:30:47] [ERROR]: Isto é um erro. A operação X falhou
[2021-05-24 17:39:15] [INFO]: Executando a tarefa X...
[2021-05-24 17:39:15] [WARNING]: Isto é um aviso.... a operação X pode falhar...
[2021-05-24 17:39:15] [ERROR]: Isto é um erro. A operação X falhou
[2021-05-24 17:40:32] [INFO]: Executando a tarefa X...
[2021-05-24 17:40:32] [WARNING]: Isto é um aviso.... a operação X pode falhar...
[2021-05-24 17:40:32] [ERROR]: Isto é um erro. A operação X falhou
Executando a tarefa X...Isto é um aviso.... a operação X pode falhar...Isto é um erro. A operação X falhouExecutando a tarefa X...Isto é um aviso.... a operação X pode falhar...Isto é um erro. A operação X falhouExecutando a tarefa X...Isto é um aviso.... a operação X pode falhar...Isto é um erro. A operação X falhouExecutando a tarefa X...Isto é um aviso.... a operação X pode falhar...Isto é um erro. A operação X falhouExecutando a tarefa X...Isto é um aviso.... a operação X pode falhar...Isto é um erro. A operação X falhouExecutando a tarefa X...Isto é um aviso.... a operação X pode falhar...Isto é um erro. A operação X falhouExecutando a tarefa X...Isto é um aviso.... a operação X pode falhar...Isto é um erro. A operação X falhouExecutando a tarefa X...Isto é um aviso.... a operação X pode falhar...Isto é um erro. A operação X falhouExecutando a tarefa X...Isto é um aviso.... a operação X pode falhar...Isto é um erro. A operação X falhouExecutando a tarefa X...Isto é um aviso.... a operação X pode falhar...Isto é um erro. A operação X falhouExecutando a tarefa X...Isto é um aviso.... a operação X pode falhar...Isto é um erro. A operação X falhouExecutando a tarefa X...Isto é um aviso.... a operação X pode falhar...Isto é um erro. A operação X falhouExecutando a tarefa X...Isto é um aviso.... a operação X pode falhar...Isto é um erro. A operação X falhouExecutando a tarefa X...Isto é um aviso.... a operação X pode falhar...Isto é um erro. A operação X falhouExecutando a tarefa X...Isto é um aviso.... a operação X pode falhar...Isto é um erro. A operação X falhouExecutando a tarefa X...Isto é um aviso.... a operação X pode falhar...Isto é um erro. A operação X falhouExecutando a tarefa X...Isto é um aviso.... a operação X pode falhar...Isto é um erro. A operação X falhou